<?xml version="1.0" encoding="UTF-8"?>
<!-- Generated by org.testng.reporters.JUnitReportReporter -->
<testsuite hostname="LAPTOP-DOBLN3AU" failures="0" tests="1" name="in.amazon.testScripts.BuyMobilePhoneTest" time="20.220" errors="0" timestamp="2023-10-02T07:42:10 IST" skipped="0">
  <testcase classname="in.amazon.testScripts.BuyMobilePhoneTest" name="buyMobile" time="20.220"/>
  <system-out/>
</testsuite> <!-- in.amazon.testScripts.BuyMobilePhoneTest -->
